<?xml version="1.0" encoding="UTF-8"?>
<testsuite xmlns:xsi="http://www.w3.org/2001/XMLSchema-instance" xsi:noNamespaceSchemaLocation="https://maven.apache.org/surefire/maven-surefire-plugin/xsd/surefire-test-report-3.0.xsd" version="3.0" name="TestRunner" time="8.024" tests="1" errors="0" skipped="0" failures="0">
  <properties>
[...]
</properties>
  <testcase name="Successful log-in" classname="LogIn" time="7.685">
    <system-out><![CDATA[
@regression @login
Scenario: Successful log-in       &amp#27;[90m# src/test/features/LogIn.feature:3&amp#27;[0m
  &amp#27;[32mGiven &amp#27;[0m&amp#27;[32mI have chosen to login&amp#27;[0m    &amp#27;[90m# stepDefinitions.LogIn.i_have_chosen_to_login()&amp#27;[0m
  &amp#27;[32mWhen &amp#27;[0m&amp#27;[32mI provide valid details&amp#27;[0m    &amp#27;[90m# stepDefinitions.LogIn.i_provide_valid_details()&amp#27;[0m
  &amp#27;[32mThen &amp#27;[0m&amp#27;[32mI should see logout button&amp#27;[0m &amp#27;[90m# stepDefinitions.LogIn.i_should_see_logout_button()&amp#27;[0m
  &amp#27;[32mAnd &amp#27;[0m&amp#27;[32mTake a screenshot&amp#27;[0m           &amp#27;[90m# stepDefinitions.LogIn.take_a_screenshot()&amp#27;[0m
]]></system-out>
    <system-err><![CDATA[SLF4J: Failed to load class "org.slf4j.impl.StaticLoggerBinder".
SLF4J: Defaulting to no-operation (NOP) logger implementation
SLF4J: See http://www.slf4j.org/codes.html#StaticLoggerBinder for further details.
Starting ChromeDriver 103.0.5060.53 (a1711811edd74ff1cf2150f36ffa3b0dae40b17f-refs/branch-heads/5060@{#853}) on port 9894
Only local connections are allowed.
Please see https://chromedriver.chromium.org/security-considerations for suggestions on keeping ChromeDriver safe.
ChromeDriver was started successfully.
Jul 01, 2022 5:56:56 PM org.openqa.selenium.remote.ProtocolHandshake createSession
INFO: Detected dialect: W3C
]]></system-err>
  </testcase>
</testsuite>